#
# A fatal error has been detected by the Java Runtime Environment:
#
#  SIGSEGV (0xb) at pc=0x000000011e37de43, pid=2082, tid=52231
#
# JRE version: Java(TM) SE Runtime Environment (8.0_66-b17) (build 1.8.0_66-b17)
# Java VM: Java HotSpot(TM) 64-Bit Server VM (25.66-b17 mixed mode bsd-amd64 compressed oops)
# Problematic frame:
# C  [libawt_lwawt.dylib+0x1ae43]  OGLSD_SetScratchSurface+0x49
#
# Failed to write core dump. Core dumps have been disabled. To enable core dumping, try "ulimit -c unlimited" before starting Java again
#
# If you would like to submit a bug report, please visit:
#   http://bugreport.java.com/bugreport/crash.jsp
# The crash happened outside the Java Virtual Machine in native code.
# See problematic frame for where to report the bug.
#

---------------  T H R E A D  ---------------

Current thread (0x00007fd5ad869000):  JavaThread "Java2D Queue Flusher" daemon [_thread_in_native, id=52231, stack(0x00007000015df000,0x00007000016df000)]

siginfo: si_signo: 11 (SIGSEGV), si_code: 1 (SEGV_MAPERR), si_addr: 0x0000000000000002

Registers:
RAX=0x000000011e39e3a2, RBX=0x0000000000000002, RCX=0x0000000000000047, RDX=0x000000011e39e8ec
RSP=0x00007000016de810, RBP=0x00007000016de830, RSI=0x00007fd5b179c770, RDI=0x00007fd5ad8691f8
R8 =0x0000000000000020, R9 =0x0000000000000000, R10=0x0000000109a498f8, R11=0x00000000f001bd84
R12=0x0000000000000000, R13=0x00000007800dece0, R14=0x00007fd5ad8691f8, R15=0x00007fd5ad869000
RIP=0x000000011e37de43, EFLAGS=0x0000000000010202, ERR=0x0000000000000004
  TRAPNO=0x000000000000000e

Top of Stack: (sp=0x00007000016de810)
0x00007000016de810:   00007fd5b179c770 0000000000000000
0x00007000016de820:   00007fd5ad87de10 00007fd5ad869000
0x00007000016de830:   00007000016de8b0 000000011e39e3ca
0x00007000016de840:   0000000000000064 00007fd5abf18228
0x00007000016de850:   00007000016de8b0 000000010894bc08
0x00007000016de860:   0000000000000005 00007fd5ad869000
0x00007000016de870:   00000007800dec01 00007fd5ad87de20
0x00007000016de880:   00007000006de800 00007fd5ad8691f8
0x00007000016de890:   0000000000000000 0000000000000000
0x00007000016de8a0:   00007000016de908 00007fd5ad869000
0x00007000016de8b0:   00007000016de900 0000000109a4996a
0x00007000016de8c0:   00000007800dec08 00007000016de908
0x00007000016de8d0:   0000000121a35ca0 0000000000000000
0x00007000016de8e0:   0000000121a35c30 0000000000000000
0x00007000016de8f0:   00007000016de910 00000000f001bd92
0x00007000016de900:   00000000f001bd81 0000000109de5a9c
0x00007000016de910:   00000007800dec08 0000000000000000
0x00007000016de920:   00000007800dece0 0000000000000000
0x00007000016de930:   00000007800dece0 00007000016de9d0
0x00007000016de940:   0000000000000001 0000000000000000
0x00007000016de950:   00007000016de9d0 00000001095867a7
0x00007000016de960:   00000007800dece0 00000007800f4ec8
0x00007000016de970:   0000700000001fa0 000000000000000a
0x00007000016de980:   00007fd5ad869000 0000000000000001
0x00007000016de990:   000000010958671f 000000011b552ea8
0x00007000016de9a0:   00007000016dea68 00007000016ded00
0x00007000016de9b0:   000000010000000a 000000011b552ea8
0x00007000016de9c0:   00000001095970a0 00007000016dec70
0x00007000016de9d0:   00007000016deb80 00000001088ea35e
0x00007000016de9e0:   0000700000000001 00007fd5ad869000
0x00007000016de9f0:   00007fd5ad869000 00007000016ded00
0x00007000016dea00:   00007fd5abf18220 00000001095970a0 

Instructions: (pc=0x000000011e37de43)
0x000000011e37de23:   c0 e9 82 00 00 00 48 8b 5e 10 48 85 db 75 0e bf
0x000000011e37de33:   01 00 00 00 48 8d 15 fd 75 03 00 eb d6 49 89 fe
0x000000011e37de43:   4c 8b 3b 30 c0 e8 c5 a2 02 00 49 8b 3f 49 89 c4
0x000000011e37de53:   48 8b 35 a6 f7 05 00 30 c0 e8 cb a3 02 00 48 85 

Register to memory mapping:

RAX=0x000000011e39e3a2: Java_sun_java2d_opengl_OGLRenderQueue_flushBuffer+0x612 in /Library/Java/JavaVirtualMachines/jdk1.8.0_66.jdk/Contents/Home/jre/lib/libawt_lwawt.dylib at 0x000000011e363000
RBX=0x0000000000000002 is an unknown value
RCX=0x0000000000000047 is an unknown value
RDX=0x000000011e39e8ec: Java_sun_java2d_opengl_OGLRenderQueue_flushBuffer+0xb5c in /Library/Java/JavaVirtualMachines/jdk1.8.0_66.jdk/Contents/Home/jre/lib/libawt_lwawt.dylib at 0x000000011e363000
RSP=0x00007000016de810 is pointing into the stack for thread: 0x00007fd5ad869000
RBP=0x00007000016de830 is pointing into the stack for thread: 0x00007fd5ad869000
RSI=0x00007fd5b179c770 is an unknown value
RDI=0x00007fd5ad8691f8 is an unknown value
R8 =0x0000000000000020 is an unknown value
R9 =0x0000000000000000 is an unknown value
R10=0x0000000109a498f8 is at entry_point+56 in (nmethod*)0x0000000109a49750
R11=0x00000000f001bd84 is an unknown value
R12=0x0000000000000000 is an unknown value
R13=0x00000007800dece0 is an oop
sun.java2d.opengl.OGLRenderQueue$QueueFlusher 
 - klass: 'sun/java2d/opengl/OGLRenderQueue$QueueFlusher'
R14=0x00007fd5ad8691f8 is an unknown value
R15=0x00007fd5ad869000 is a thread


Stack: [0x00007000015df000,0x00007000016df000],  sp=0x00007000016de810,  free space=1022k
Native frames: (J=compiled Java code, j=interpreted, Vv=VM code, C=native code)
C  [libawt_lwawt.dylib+0x1ae43]  OGLSD_SetScratchSurface+0x49
C  [libawt_lwawt.dylib+0x3b3ca]  Java_sun_java2d_opengl_OGLRenderQueue_flushBuffer+0x63a
J 1552  sun.java2d.opengl.OGLRenderQueue.flushBuffer(JI)V (0 bytes) @ 0x0000000109a4996a [0x0000000109a498c0+0xaa]
J 3014% C2 sun.java2d.opengl.OGLRenderQueue$QueueFlusher.run()V (234 bytes) @ 0x0000000109de5a9c [0x0000000109de57c0+0x2dc]
v  ~StubRoutines::call_stub
V  [libjvm.dylib+0x2ea35e]
V  [libjvm.dylib+0x2eaaec]
V  [libjvm.dylib+0x2eac98]
V  [libjvm.dylib+0x345215]
V  [libjvm.dylib+0x560b83]
V  [libjvm.dylib+0x56227e]
V  [libjvm.dylib+0x482cd6]
C  [libsystem_pthread.dylib+0x3c13]  _pthread_body+0x83
C  [libsystem_pthread.dylib+0x3b90]  _pthread_body+0x0
C  [libsystem_pthread.dylib+0x1375]  thread_start+0xd
C  0x0000000000000000

Java frames: (J=compiled Java code, j=interpreted, Vv=VM code)
J 1552  sun.java2d.opengl.OGLRenderQueue.flushBuffer(JI)V (0 bytes) @ 0x0000000109a498f8 [0x0000000109a498c0+0x38]
J 3014% C2 sun.java2d.opengl.OGLRenderQueue$QueueFlusher.run()V (234 bytes) @ 0x0000000109de5a9c [0x0000000109de57c0+0x2dc]
v  ~StubRoutines::call_stub

---------------  P R O C E S S  ---------------

Java Threads: ( => current thread )
  0x00007fd5ac1d7000 JavaThread "TimerQueue" daemon [_thread_blocked, id=108883, stack(0x000070000196b000,0x0000700001a6b000)]
  0x00007fd5ac80c800 JavaThread "DestroyJavaVM" [_thread_blocked, id=3079, stack(0x000070000011a000,0x000070000021a000)]
  0x00007fd5ad3a2800 JavaThread "AWT-EventQueue-0" [_thread_blocked, id=58631, stack(0x00007000017e5000,0x00007000018e5000)]
  0x00007fd5aca2c000 JavaThread "Java2D Disposer" daemon [_thread_blocked, id=57603, stack(0x00007000016e2000,0x00007000017e2000)]
=>0x00007fd5ad869000 JavaThread "Java2D Queue Flusher" daemon [_thread_in_native, id=52231, stack(0x00007000015df000,0x00007000016df000)]
  0x00007fd5ac119800 JavaThread "GC Daemon" daemon [_thread_blocked, id=50951, stack(0x00007000014dc000,0x00007000015dc000)]
  0x00007fd5ac119000 JavaThread "RMI Reaper" [_thread_blocked, id=50179, stack(0x00007000013d9000,0x00007000014d9000)]
  0x00007fd5ac0ec000 JavaThread "RMI TCP Accept-0" daemon [_thread_in_native, id=49927, stack(0x00007000012d6000,0x00007000013d6000)]
  0x00007fd5ad1c0000 JavaThread "AWT-Shutdown" [_thread_blocked, id=29203, stack(0x0000700001150000,0x0000700001250000)]
  0x00007fd5ad0d3000 JavaThread "AppKit Thread" daemon [_thread_in_native, id=8971, stack(0x00007fff579e0000,0x00007fff581e0000)]
  0x00007fd5ac880800 JavaThread "Service Thread" daemon [_thread_blocked, id=18435, stack(0x0000700000dc1000,0x0000700000ec1000)]
  0x00007fd5ac005000 JavaThread "C1 CompilerThread2" daemon [_thread_blocked, id=17923, stack(0x0000700000cbe000,0x0000700000dbe000)]
  0x00007fd5ad012000 JavaThread "C2 CompilerThread1" daemon [_thread_blocked, id=17411, stack(0x0000700000bbb000,0x0000700000cbb000)]
  0x00007fd5ad010800 JavaThread "C2 CompilerThread0" daemon [_thread_blocked, id=16899, stack(0x0000700000ab8000,0x0000700000bb8000)]
  0x00007fd5ad00b800 JavaThread "Signal Dispatcher" daemon [_thread_blocked, id=13839, stack(0x00007000009b5000,0x0000700000ab5000)]
  0x00007fd5ad003000 JavaThread "Finalizer" daemon [_thread_blocked, id=12291, stack(0x000070000082f000,0x000070000092f000)]
  0x00007fd5ac86c000 JavaThread "Reference Handler" daemon [_thread_blocked, id=11779, stack(0x000070000072c000,0x000070000082c000)]

Other Threads:
  0x00007fd5ac869000 VMThread [stack: 0x0000700000629000,0x0000700000729000] [id=11267]
  0x00007fd5ac8aa000 WatcherThread [stack: 0x0000700000ec4000,0x0000700000fc4000] [id=18947]

VM state:not at safepoint (normal execution)

VM Mutex/Monitor currently owned by a thread: None

Heap:
 PSYoungGen      total 241152K, used 0K [0x00000007aab00000, 0x00000007bc080000, 0x00000007c0000000)
  eden space 240128K, 0% used [0x00000007aab00000,0x00000007aab00000,0x00000007b9580000)
  from space 1024K, 0% used [0x00000007bbe80000,0x00000007bbe80000,0x00000007bbf80000)
  to   space 1024K, 0% used [0x00000007bbf80000,0x00000007bbf80000,0x00000007bc080000)
 ParOldGen       total 123392K, used 4063K [0x0000000780000000, 0x0000000787880000, 0x00000007aab00000)
  object space 123392K, 3% used [0x0000000780000000,0x00000007803f7cf8,0x0000000787880000)
 Metaspace       used 17586K, capacity 17834K, committed 18048K, reserved 1064960K
  class space    used 1976K, capacity 2062K, committed 2176K, reserved 1048576K

Card table byte_map: [0x0000000118946000,0x0000000118b47000] byte_map_base: 0x0000000114d46000

Marking Bits: (ParMarkBitMap*) 0x0000000108edde20
 Begin Bits: [0x0000000118c9d000, 0x0000000119c9d000)
 End Bits:   [0x0000000119c9d000, 0x000000011ac9d000)

Polling page: 0x0000000107d15000

CodeCache: size=245760Kb used=8588Kb max_used=8662Kb free=237171Kb
 bounds [0x0000000109586000, 0x0000000109e16000, 0x0000000118586000]
 total_blobs=3041 nmethods=2478 adapters=474
 compilation: enabled

Compilation events (10 events):
Event: 135026,510 Thread 0x00007fd5ad010800 3051       4       java.awt.Rectangle::isEmpty (20 bytes)
Event: 135026,510 Thread 0x00007fd5ad010800 nmethod 3051 0x000000010979af90 code [0x000000010979b0e0, 0x000000010979b158]
Event: 135028,852 Thread 0x00007fd5ac005000 3052       3       sun.java2d.opengl.OGLContext::setScratchSurface (10 bytes)
Event: 135028,909 Thread 0x00007fd5ac005000 nmethod 3052 0x00000001099d0c90 code [0x00000001099d0f40, 0x00000001099d2628]
Event: 135028,912 Thread 0x00007fd5ac005000 3053       3       java.util.HashSet::iterator (13 bytes)
Event: 135028,913 Thread 0x00007fd5ac005000 nmethod 3053 0x00000001097461d0 code [0x0000000109746360, 0x0000000109746638]
Event: 135030,813 Thread 0x00007fd5ac005000 3054       3       java.awt.Container::updateGraphicsData (59 bytes)
Event: 135030,820 Thread 0x00007fd5ac005000 nmethod 3054 0x0000000109767510 code [0x0000000109767720, 0x00000001097680a8]
Event: 135030,880 Thread 0x00007fd5ac005000 3055       3       sun.lwawt.LWComponentPeer::handleMove (36 bytes)
Event: 135030,881 Thread 0x00007fd5ac005000 nmethod 3055 0x00000001099cff90 code [0x00000001099d0160, 0x00000001099d0978]

GC Heap History (10 events):
Event: 128891,341 GC heap before
{Heap before GC invocations=96 (full 43):
 PSYoungGen      total 241152K, used 0K [0x00000007aab00000, 0x00000007bc100000, 0x00000007c0000000)
  eden space 240128K, 0% used [0x00000007aab00000,0x00000007aab00000,0x00000007b9580000)
  from space 1024K, 0% used [0x00000007bbf00000,0x00000007bbf00000,0x00000007bc000000)
  to   space 1024K, 0% used [0x00000007bc000000,0x00000007bc000000,0x00000007bc100000)
 ParOldGen       total 123392K, used 4062K [0x0000000780000000, 0x0000000787880000, 0x00000007aab00000)
  object space 123392K, 3% used [0x0000000780000000,0x00000007803f7878,0x0000000787880000)
 Metaspace       used 17584K, capacity 17834K, committed 18048K, reserved 1064960K
  class space    used 1976K, capacity 2062K, committed 2176K, reserved 1048576K
Event: 128891,364 GC heap after
Heap after GC invocations=96 (full 43):
 PSYoungGen      total 241152K, used 0K [0x00000007aab00000, 0x00000007bc100000, 0x00000007c0000000)
  eden space 240128K, 0% used [0x00000007aab00000,0x00000007aab00000,0x00000007b9580000)
  from space 1024K, 0% used [0x00000007bbf00000,0x00000007bbf00000,0x00000007bc000000)
  to   space 1024K, 0% used [0x00000007bc000000,0x00000007bc000000,0x00000007bc100000)
 ParOldGen       total 123392K, used 4062K [0x0000000780000000, 0x0000000787880000, 0x00000007aab00000)
  object space 123392K, 3% used [0x0000000780000000,0x00000007803f7878,0x0000000787880000)
 Metaspace       used 17584K, capacity 17834K, committed 18048K, reserved 1064960K
  class space    used 1976K, capacity 2062K, committed 2176K, reserved 1048576K
}
Event: 132491,365 GC heap before
{Heap before GC invocations=97 (full 43):
 PSYoungGen      total 241152K, used 591K [0x00000007aab00000, 0x00000007bc100000, 0x00000007c0000000)
  eden space 240128K, 0% used [0x00000007aab00000,0x00000007aab93d78,0x00000007b9580000)
  from space 1024K, 0% used [0x00000007bbf00000,0x00000007bbf00000,0x00000007bc000000)
  to   space 1024K, 0% used [0x00000007bc000000,0x00000007bc000000,0x00000007bc100000)
 ParOldGen       total 123392K, used 4062K [0x0000000780000000, 0x0000000787880000, 0x00000007aab00000)
  object space 123392K, 3% used [0x0000000780000000,0x00000007803f7878,0x0000000787880000)
 Metaspace       used 17585K, capacity 17834K, committed 18048K, reserved 1064960K
  class space    used 1976K, capacity 2062K, committed 2176K, reserved 1048576K
Event: 132491,367 GC heap after
Heap after GC invocations=97 (full 43):
 PSYoungGen      total 240640K, used 96K [0x00000007aab00000, 0x00000007bc080000, 0x00000007c0000000)
  eden space 240128K, 0% used [0x00000007aab00000,0x00000007aab00000,0x00000007b9580000)
  from space 512K, 18% used [0x00000007bc000000,0x00000007bc018000,0x00000007bc080000)
  to   space 1024K, 0% used [0x00000007bbe80000,0x00000007bbe80000,0x00000007bbf80000)
 ParOldGen       total 123392K, used 4062K [0x0000000780000000, 0x0000000787880000, 0x00000007aab00000)
  object space 123392K, 3% used [0x0000000780000000,0x00000007803f7878,0x0000000787880000)
 Metaspace       used 17585K, capacity 17834K, committed 18048K, reserved 1064960K
  class space    used 1976K, capacity 2062K, committed 2176K, reserved 1048576K
}
Event: 132491,367 GC heap before
{Heap before GC invocations=98 (full 44):
 PSYoungGen      total 240640K, used 96K [0x00000007aab00000, 0x00000007bc080000, 0x00000007c0000000)
  eden space 240128K, 0% used [0x00000007aab00000,0x00000007aab00000,0x00000007b9580000)
  from space 512K, 18% used [0x00000007bc000000,0x00000007bc018000,0x00000007bc080000)
  to   space 1024K, 0% used [0x00000007bbe80000,0x00000007bbe80000,0x00000007bbf80000)
 ParOldGen       total 123392K, used 4062K [0x0000000780000000, 0x0000000787880000, 0x00000007aab00000)
  object space 123392K, 3% used [0x0000000780000000,0x00000007803f7878,0x0000000787880000)
 Metaspace       used 17585K, capacity 17834K, committed 18048K, reserved 1064960K
  class space    used 1976K, capacity 2062K, committed 2176K, reserved 1048576K
Event: 132491,393 GC heap after
Heap after GC invocations=98 (full 44):
 PSYoungGen      total 240640K, used 0K [0x00000007aab00000, 0x00000007bc080000, 0x00000007c0000000)
  eden space 240128K, 0% used [0x00000007aab00000,0x00000007aab00000,0x00000007b9580000)
  from space 512K, 0% used [0x00000007bc000000,0x00000007bc000000,0x00000007bc080000)
  to   space 1024K, 0% used [0x00000007bbe80000,0x00000007bbe80000,0x00000007bbf80000)
 ParOldGen       total 123392K, used 4062K [0x0000000780000000, 0x0000000787880000, 0x00000007aab00000)
  object space 123392K, 3% used [0x0000000780000000,0x00000007803f7a30,0x0000000787880000)
 Metaspace       used 17585K, capacity 17834K, committed 18048K, reserved 1064960K
  class space    used 1976K, capacity 2062K, committed 2176K, reserved 1048576K
}
Event: 136091,398 GC heap before
{Heap before GC invocations=99 (full 44):
 PSYoungGen      total 240640K, used 603K [0x00000007aab00000, 0x00000007bc080000, 0x00000007c0000000)
  eden space 240128K, 0% used [0x00000007aab00000,0x00000007aab96c98,0x00000007b9580000)
  from space 512K, 0% used [0x00000007bc000000,0x00000007bc000000,0x00000007bc080000)
  to   space 1024K, 0% used [0x00000007bbe80000,0x00000007bbe80000,0x00000007bbf80000)
 ParOldGen       total 123392K, used 4062K [0x0000000780000000, 0x0000000787880000, 0x00000007aab00000)
  object space 123392K, 3% used [0x0000000780000000,0x00000007803f7a30,0x0000000787880000)
 Metaspace       used 17586K, capacity 17834K, committed 18048K, reserved 1064960K
  class space    used 1976K, capacity 2062K, committed 2176K, reserved 1048576K
Event: 136091,399 GC heap after
Heap after GC invocations=99 (full 44):
 PSYoungGen      total 241152K, used 96K [0x00000007aab00000, 0x00000007bc080000, 0x00000007c0000000)
  eden space 240128K, 0% used [0x00000007aab00000,0x00000007aab00000,0x00000007b9580000)
  from space 1024K, 9% used [0x00000007bbe80000,0x00000007bbe98000,0x00000007bbf80000)
  to   space 1024K, 0% used [0x00000007bbf80000,0x00000007bbf80000,0x00000007bc080000)
 ParOldGen       total 123392K, used 4062K [0x0000000780000000, 0x0000000787880000, 0x00000007aab00000)
  object space 123392K, 3% used [0x0000000780000000,0x00000007803f7a30,0x0000000787880000)
 Metaspace       used 17586K, capacity 17834K, committed 18048K, reserved 1064960K
  class space    used 1976K, capacity 2062K, committed 2176K, reserved 1048576K
}
Event: 136091,399 GC heap before
{Heap before GC invocations=100 (full 45):
 PSYoungGen      total 241152K, used 96K [0x00000007aab00000, 0x00000007bc080000, 0x00000007c0000000)
  eden space 240128K, 0% used [0x00000007aab00000,0x00000007aab00000,0x00000007b9580000)
  from space 1024K, 9% used [0x00000007bbe80000,0x00000007bbe98000,0x00000007bbf80000)
  to   space 1024K, 0% used [0x00000007bbf80000,0x00000007bbf80000,0x00000007bc080000)
 ParOldGen       total 123392K, used 4062K [0x0000000780000000, 0x0000000787880000, 0x00000007aab00000)
  object space 123392K, 3% used [0x0000000780000000,0x00000007803f7a30,0x0000000787880000)
 Metaspace       used 17586K, capacity 17834K, committed 18048K, reserved 1064960K
  class space    used 1976K, capacity 2062K, committed 2176K, reserved 1048576K
Event: 136091,420 GC heap after
Heap after GC invocations=100 (full 45):
 PSYoungGen      total 241152K, used 0K [0x00000007aab00000, 0x00000007bc080000, 0x00000007c0000000)
  eden space 240128K, 0% used [0x00000007aab00000,0x00000007aab00000,0x00000007b9580000)
  from space 1024K, 0% used [0x00000007bbe80000,0x00000007bbe80000,0x00000007bbf80000)
  to   space 1024K, 0% used [0x00000007bbf80000,0x00000007bbf80000,0x00000007bc080000)
 ParOldGen       total 123392K, used 4063K [0x0000000780000000, 0x0000000787880000, 0x00000007aab00000)
  object space 123392K, 3% used [0x0000000780000000,0x00000007803f7cf8,0x0000000787880000)
 Metaspace       used 17586K, capacity 17834K, committed 18048K, reserved 1064960K
  class space    used 1976K, capacity 2062K, committed 2176K, reserved 1048576K
}

Deoptimization events (10 events):
Event: 3600,250 Thread 0x00007fd5ad0d3000 Uncommon trap: reason=null_check action=make_not_entrant pc=0x0000000109c5dbd4 method=java.awt.geom.AffineTransform.equals(Ljava/lang/Object;)Z @ 1
Event: 6490,311 Thread 0x00007fd5aca2c000 Uncommon trap: reason=unstable_if action=reinterpret pc=0x00000001098cf5b4 method=java.util.concurrent.ConcurrentHashMap.get(Ljava/lang/Object;)Ljava/lang/Object; @ 138
Event: 58414,143 Thread 0x00007fd5ad869000 Uncommon trap: reason=class_check action=maybe_recompile pc=0x0000000109dd44ec method=sun.java2d.opengl.OGLRenderQueue$QueueFlusher.run()V @ 95
Event: 58437,425 Thread 0x00007fd5ad3a2800 Uncommon trap: reason=unstable_if action=reinterpret pc=0x0000000109d73104 method=sun.lwawt.LWCursorManager.findComponent(Ljava/awt/Point;)Ljava/awt/Component; @ 70
Event: 58437,425 Thread 0x00007fd5ad3a2800 Uncommon trap: reason=unstable_if action=reinterpret pc=0x00000001097737c4 method=sun.lwawt.LWCursorManager.findComponent(Ljava/awt/Point;)Ljava/awt/Component; @ 70
Event: 62223,215 Thread 0x00007fd5ad869000 Uncommon trap: reason=class_check action=maybe_recompile pc=0x0000000109dd44ec method=sun.java2d.opengl.OGLRenderQueue$QueueFlusher.run()V @ 95
Event: 65778,431 Thread 0x00007fd5ad869000 Uncommon trap: reason=class_check action=maybe_recompile pc=0x0000000109dd44ec method=sun.java2d.opengl.OGLRenderQueue$QueueFlusher.run()V @ 95
Event: 72968,448 Thread 0x00007fd5ad869000 Uncommon trap: reason=class_check action=maybe_recompile pc=0x0000000109dd44ec method=sun.java2d.opengl.OGLRenderQueue$QueueFlusher.run()V @ 95
Event: 92694,208 Thread 0x00007fd5ad3a2800 Uncommon trap: reason=unstable_if action=reinterpret pc=0x0000000109dc5c18 method=sun.java2d.pipe.BufferedContext.validate(Lsun/java2d/pipe/hw/AccelSurface;Lsun/java2d/pipe/hw/AccelSurface;Lsun/java2d/pipe/Region;Ljava/awt/Composite;Ljava/awt/geom/AffineT
Event: 92696,210 Thread 0x00007fd5ad0d3000 Uncommon trap: reason=null_check action=make_not_entrant pc=0x0000000109be266c method=java.awt.geom.AffineTransform.equals(Ljava/lang/Object;)Z @ 1

Internal exceptions (10 events):
Event: 1542,384 Thread 0x00007fd5ad3a2800 Exception <a 'java/lang/ClassCastException': sun.java2d.NullSurfaceData cannot be cast to sun.java2d.opengl.OGLSurfaceData> (0x00000007b1b70d98) thrown at [/HUDSON3/workspace/8-2-build-macosx-x86_64/jdk8u66/4988/hotspot/src/share/vm/interpreter/interprete
Event: 1542,384 Thread 0x00007fd5ad3a2800 Exception <a 'java/lang/ClassCastException'> (0x00000007b1b70d98) thrown at [/HUDSON3/workspace/8-2-build-macosx-x86_64/jdk8u66/4988/hotspot/src/share/vm/prims/jvm.cpp, line 1390]
Event: 1542,384 Thread 0x00007fd5ad3a2800 Exception <a 'java/lang/ClassCastException'> (0x00000007b1b70d98) thrown at [/HUDSON3/workspace/8-2-build-macosx-x86_64/jdk8u66/4988/hotspot/src/share/vm/prims/jvm.cpp, line 1390]
Event: 2173,049 Thread 0x00007fd5ad3a2800 Exception <a 'java/lang/ClassCastException': sun.java2d.NullSurfaceData cannot be cast to sun.java2d.opengl.OGLSurfaceData> (0x00000007b4c603e8) thrown at [/HUDSON3/workspace/8-2-build-macosx-x86_64/jdk8u66/4988/hotspot/src/share/vm/interpreter/interprete
Event: 2173,050 Thread 0x00007fd5ad3a2800 Exception <a 'java/lang/ClassCastException'> (0x00000007b4c603e8) thrown at [/HUDSON3/workspace/8-2-build-macosx-x86_64/jdk8u66/4988/hotspot/src/share/vm/prims/jvm.cpp, line 1390]
Event: 2173,050 Thread 0x00007fd5ad3a2800 Exception <a 'java/lang/ClassCastException'> (0x00000007b4c603e8) thrown at [/HUDSON3/workspace/8-2-build-macosx-x86_64/jdk8u66/4988/hotspot/src/share/vm/prims/jvm.cpp, line 1390]
Event: 2883,281 Thread 0x00007fd5ad3a2800 Exception <a 'java/lang/StringIndexOutOfBoundsException'> (0x00000007b00b4b00) thrown at [/HUDSON3/workspace/8-2-build-macosx-x86_64/jdk8u66/4988/hotspot/src/share/vm/prims/jvm.cpp, line 1390]
Event: 2883,281 Thread 0x00007fd5ad3a2800 Exception <a 'java/lang/StringIndexOutOfBoundsException'> (0x00000007b00b4b00) thrown at [/HUDSON3/workspace/8-2-build-macosx-x86_64/jdk8u66/4988/hotspot/src/share/vm/prims/jvm.cpp, line 1390]
Event: 3600,250 Thread 0x00007fd5ad0d3000 Implicit null exception at 0x0000000109c5be92 to 0x0000000109c5dba5
Event: 92696,210 Thread 0x00007fd5ad0d3000 Implicit null exception at 0x0000000109be250c to 0x0000000109be265d

Events (10 events):
Event: 131716,394 Executing VM operation: BulkRevokeBias done
Event: 132491,365 Executing VM operation: ParallelGCSystemGC
Event: 132491,393 Executing VM operation: ParallelGCSystemGC done
Event: 135026,263 Thread 0x00007fd5ad012000 flushing nmethod 0x00000001097461d0
Event: 135026,263 Thread 0x00007fd5ad012000 flushing nmethod 0x0000000109757c90
Event: 135026,263 Thread 0x00007fd5ad012000 flushing nmethod 0x000000010975a290
Event: 135026,263 Thread 0x00007fd5ad012000 flushing nmethod 0x000000010975cb90
Event: 135026,263 Thread 0x00007fd5ad012000 flushing nmethod 0x0000000109766e50
Event: 136091,397 Executing VM operation: ParallelGCSystemGC
Event: 136091,420 Executing VM operation: ParallelGCSystemGC done


Dynamic libraries:
0x0000000000102000 	/System/Library/Frameworks/Cocoa.framework/Versions/A/Cocoa
0x0000000000102000 	/System/Library/Frameworks/Security.framework/Versions/A/Security
0x0000000000102000 	/System/Library/Frameworks/ApplicationServices.framework/Versions/A/ApplicationServices
0x0000000000102000 	/usr/lib/libz.1.dylib
0x0000000000102000 	/usr/lib/libSystem.B.dylib
0x0000000000102000 	/usr/lib/libobjc.A.dylib
0x0000000000102000 	/System/Library/Frameworks/CoreFoundation.framework/Versions/A/CoreFoundation
0x0000000000102000 	/System/Library/Frameworks/Foundation.framework/Versions/C/Foundation
0x0000000000102000 	/System/Library/Frameworks/AppKit.framework/Versions/C/AppKit
0x0000000000102000 	/System/Library/Frameworks/CoreData.framework/Versions/A/CoreData
0x0000000000102000 	/System/Library/PrivateFrameworks/RemoteViewServices.framework/Versions/A/RemoteViewServices
0x0000000000102000 	/System/Library/PrivateFrameworks/UIFoundation.framework/Versions/A/UIFoundation
0x0000000000102000 	/usr/lib/libScreenReader.dylib
0x0000000000102000 	/System/Library/Frameworks/Accelerate.framework/Versions/A/Accelerate
0x0000000000102000 	/System/Library/Frameworks/IOSurface.framework/Versions/A/IOSurface
0x0000000000102000 	/System/Library/Frameworks/AudioToolbox.framework/Versions/A/AudioToolbox
0x0000000000102000 	/System/Library/Frameworks/AudioUnit.framework/Versions/A/AudioUnit
0x0000000000102000 	/System/Library/PrivateFrameworks/DataDetectorsCore.framework/Versions/A/DataDetectorsCore
0x0000000000102000 	/System/Library/PrivateFrameworks/DesktopServicesPriv.framework/Versions/A/DesktopServicesPriv
0x0000000000102000 	/System/Library/Frameworks/Carbon.framework/Versions/A/Frameworks/HIToolbox.framework/Versions/A/HIToolbox
0x0000000000102000 	/System/Library/Frameworks/QuartzCore.framework/Versions/A/QuartzCore
0x0000000000102000 	/System/Library/Frameworks/Carbon.framework/Versions/A/Frameworks/SpeechRecognition.framework/Versions/A/SpeechRecognition
0x0000000000102000 	/usr/lib/libauto.dylib
0x0000000000102000 	/usr/lib/libicucore.A.dylib
0x0000000000102000 	/usr/lib/libxml2.2.dylib
0x0000000000102000 	/System/Library/PrivateFrameworks/CoreUI.framework/Versions/A/CoreUI
0x0000000000102000 	/System/Library/Frameworks/CoreAudio.framework/Versions/A/CoreAudio
0x0000000000102000 	/System/Library/Frameworks/DiskArbitration.framework/Versions/A/DiskArbitration
0x0000000000102000 	/usr/lib/liblangid.dylib
0x0000000000102000 	/System/Library/PrivateFrameworks/MultitouchSupport.framework/Versions/A/MultitouchSupport
0x0000000000102000 	/System/Library/Frameworks/IOKit.framework/Versions/A/IOKit
0x0000000000102000 	/usr/lib/libDiagnosticMessagesClient.dylib
0x0000000000102000 	/System/Library/Frameworks/CoreServices.framework/Versions/A/CoreServices
0x0000000000102000 	/System/Library/PrivateFrameworks/PerformanceAnalysis.framework/Versions/A/PerformanceAnalysis
0x0000000000102000 	/System/Library/PrivateFrameworks/GenerationalStorage.framework/Versions/A/GenerationalStorage
0x0000000000102000 	/System/Library/Frameworks/OpenGL.framework/Versions/A/OpenGL
0x0000000000102000 	/System/Library/PrivateFrameworks/Sharing.framework/Versions/A/Sharing
0x0000000000102000 	/System/Library/Frameworks/CoreGraphics.framework/Versions/A/CoreGraphics
0x0000000000102000 	/System/Library/Frameworks/CoreImage.framework/Versions/A/CoreImage
0x0000000000102000 	/System/Library/Frameworks/CoreText.framework/Versions/A/CoreText
0x0000000000102000 	/System/Library/Frameworks/ImageIO.framework/Versions/A/ImageIO
0x0000000000102000 	/System/Library/PrivateFrameworks/Backup.framework/Versions/A/Backup
0x0000000000102000 	/usr/lib/libextension.dylib
0x0000000000102000 	/usr/lib/libarchive.2.dylib
0x0000000000102000 	/System/Library/Frameworks/CFNetwork.framework/Versions/A/CFNetwork
0x0000000000102000 	/System/Library/Frameworks/SystemConfiguration.framework/Versions/A/SystemConfiguration
0x0000000000102000 	/usr/lib/libCRFSuite.dylib
0x0000000000102000 	/usr/lib/libc++.1.dylib
0x0000000000102000 	/usr/lib/libc++abi.dylib
0x0000000000102000 	/usr/lib/system/libcache.dylib
0x0000000000102000 	/usr/lib/system/libcommonCrypto.dylib
0x0000000000102000 	/usr/lib/system/libcompiler_rt.dylib
0x0000000000102000 	/usr/lib/system/libcopyfile.dylib
0x0000000000102000 	/usr/lib/system/libcorecrypto.dylib
0x0000000000102000 	/usr/lib/system/libdispatch.dylib
0x0000000000102000 	/usr/lib/system/libdyld.dylib
0x0000000000102000 	/usr/lib/system/libkeymgr.dylib
0x0000000000102000 	/usr/lib/system/liblaunch.dylib
0x0000000000102000 	/usr/lib/system/libmacho.dylib
0x0000000000102000 	/usr/lib/system/libquarantine.dylib
0x0000000000102000 	/usr/lib/system/libremovefile.dylib
0x0000000000102000 	/usr/lib/system/libsystem_asl.dylib
0x0000000000102000 	/usr/lib/system/libsystem_blocks.dylib
0x0000000000102000 	/usr/lib/system/libsystem_c.dylib
0x0000000000102000 	/usr/lib/system/libsystem_configuration.dylib
0x0000000000102000 	/usr/lib/system/libsystem_coreservices.dylib
0x0000000000102000 	/usr/lib/system/libsystem_coretls.dylib
0x0000000000102000 	/usr/lib/system/libsystem_dnssd.dylib
0x0000000000102000 	/usr/lib/system/libsystem_info.dylib
0x0000000000102000 	/usr/lib/system/libsystem_kernel.dylib
0x0000000000102000 	/usr/lib/system/libsystem_m.dylib
0x0000000000102000 	/usr/lib/system/libsystem_malloc.dylib
0x0000000000102000 	/usr/lib/system/libsystem_network.dylib
0x0000000000102000 	/usr/lib/system/libsystem_networkextension.dylib
0x0000000000102000 	/usr/lib/system/libsystem_notify.dylib
0x0000000000102000 	/usr/lib/system/libsystem_platform.dylib
0x0000000000102000 	/usr/lib/system/libsystem_pthread.dylib
0x0000000000102000 	/usr/lib/system/libsystem_sandbox.dylib
0x0000000000102000 	/usr/lib/system/libsystem_secinit.dylib
0x0000000000102000 	/usr/lib/system/libsystem_trace.dylib
0x0000000000102000 	/usr/lib/system/libunc.dylib
0x0000000000102000 	/usr/lib/system/libunwind.dylib
0x0000000000102000 	/usr/lib/system/libxpc.dylib
0x0000000000102000 	/usr/lib/libenergytrace.dylib
0x0000000000102000 	/usr/lib/libbsm.0.dylib
0x0000000000102000 	/usr/lib/system/libkxld.dylib
0x0000000000102000 	/usr/lib/libxar.1.dylib
0x0000000000102000 	/usr/lib/libsqlite3.dylib
0x0000000000102000 	/usr/lib/libpam.2.dylib
0x0000000000102000 	/usr/lib/libOpenScriptingUtil.dylib
0x0000000000102000 	/usr/lib/libbz2.1.0.dylib
0x0000000000102000 	/usr/lib/liblzma.5.dylib
0x0000000000102000 	/System/Library/Frameworks/CoreServices.framework/Versions/A/Frameworks/FSEvents.framework/Versions/A/FSEvents
0x0000000000102000 	/System/Library/Frameworks/CoreServices.framework/Versions/A/Frameworks/CarbonCore.framework/Versions/A/CarbonCore
0x0000000000102000 	/System/Library/Frameworks/CoreServices.framework/Versions/A/Frameworks/Metadata.framework/Versions/A/Metadata
0x0000000000102000 	/System/Library/Frameworks/CoreServices.framework/Versions/A/Frameworks/OSServices.framework/Versions/A/OSServices
0x0000000000102000 	/System/Library/Frameworks/CoreServices.framework/Versions/A/Frameworks/SearchKit.framework/Versions/A/SearchKit
0x0000000000102000 	/System/Library/Frameworks/CoreServices.framework/Versions/A/Frameworks/AE.framework/Versions/A/AE
0x0000000000102000 	/System/Library/Frameworks/CoreServices.framework/Versions/A/Frameworks/LaunchServices.framework/Versions/A/LaunchServices
0x0000000000102000 	/System/Library/Frameworks/CoreServices.framework/Versions/A/Frameworks/DictionaryServices.framework/Versions/A/DictionaryServices
0x0000000000102000 	/System/Library/Frameworks/CoreServices.framework/Versions/A/Frameworks/SharedFileList.framework/Versions/A/SharedFileList
0x0000000000102000 	/System/Library/Frameworks/NetFS.framework/Versions/A/NetFS
0x0000000000102000 	/System/Library/PrivateFrameworks/NetAuth.framework/Versions/A/NetAuth
0x0000000000102000 	/System/Library/PrivateFrameworks/login.framework/Versions/A/Frameworks/loginsupport.framework/Versions/A/loginsupport
0x0000000000102000 	/System/Library/PrivateFrameworks/TCC.framework/Versions/A/TCC
0x0000000000102000 	/usr/lib/libmecabra.dylib
0x0000000000102000 	/System/Library/Frameworks/ApplicationServices.framework/Versions/A/Frameworks/ATS.framework/Versions/A/ATS
0x0000000000102000 	/System/Library/Frameworks/ApplicationServices.framework/Versions/A/Frameworks/ColorSync.framework/Versions/A/ColorSync
0x0000000000102000 	/System/Library/Frameworks/ApplicationServices.framework/Versions/A/Frameworks/HIServices.framework/Versions/A/HIServices
0x0000000000102000 	/System/Library/Frameworks/ApplicationServices.framework/Versions/A/Frameworks/LangAnalysis.framework/Versions/A/LangAnalysis
0x0000000000102000 	/System/Library/Frameworks/ApplicationServices.framework/Versions/A/Frameworks/PrintCore.framework/Versions/A/PrintCore
0x0000000000102000 	/System/Library/Frameworks/ApplicationServices.framework/Versions/A/Frameworks/QD.framework/Versions/A/QD
0x0000000000102000 	/System/Library/Frameworks/ApplicationServices.framework/Versions/A/Frameworks/SpeechSynthesis.framework/Versions/A/SpeechSynthesis
0x0000000000102000 	/System/Library/Frameworks/Metal.framework/Versions/A/Metal
0x0000000000102000 	/System/Library/Frameworks/Accelerate.framework/Versions/A/Frameworks/vImage.framework/Versions/A/vImage
0x0000000000102000 	/System/Library/Frameworks/Accelerate.framework/Versions/A/Frameworks/vecLib.framework/Versions/A/vecLib
0x0000000000102000 	/System/Library/Frameworks/Accelerate.framework/Versions/A/Frameworks/vecLib.framework/Versions/A/libvDSP.dylib
0x0000000000102000 	/System/Library/Frameworks/Accelerate.framework/Versions/A/Frameworks/vecLib.framework/Versions/A/libvMisc.dylib
0x0000000000102000 	/System/Library/Frameworks/Accelerate.framework/Versions/A/Frameworks/vecLib.framework/Versions/A/libLAPACK.dylib
0x0000000000102000 	/System/Library/Frameworks/Accelerate.framework/Versions/A/Frameworks/vecLib.framework/Versions/A/libBLAS.dylib
0x0000000000102000 	/System/Library/Frameworks/Accelerate.framework/Versions/A/Frameworks/vecLib.framework/Versions/A/libLinearAlgebra.dylib
0x0000000000102000 	/System/Library/Frameworks/Accelerate.framework/Versions/A/Frameworks/vecLib.framework/Versions/A/libSparseBLAS.dylib
0x0000000000102000 	/System/Library/PrivateFrameworks/GPUCompiler.framework/libmetal_timestamp.dylib
0x0000000000102000 	/System/Library/Frameworks/OpenGL.framework/Versions/A/Libraries/libCoreFSCache.dylib
0x0000000000102000 	/System/Library/PrivateFrameworks/IOAccelerator.framework/Versions/A/IOAccelerator
0x0000000000102000 	/System/Library/Frameworks/ApplicationServices.framework/Versions/A/Frameworks/ATS.framework/Versions/A/Resources/libFontParser.dylib
0x0000000000102000 	/System/Library/Frameworks/ApplicationServices.framework/Versions/A/Frameworks/ATS.framework/Versions/A/Resources/libFontRegistry.dylib
0x0000000000102000 	/System/Library/PrivateFrameworks/AppleVPA.framework/Versions/A/AppleVPA
0x0000000000102000 	/System/Library/PrivateFrameworks/AppleJPEG.framework/Versions/A/AppleJPEG
0x0000000000102000 	/System/Library/Frameworks/ImageIO.framework/Versions/A/Resources/libJPEG.dylib
0x0000000000102000 	/System/Library/Frameworks/ImageIO.framework/Versions/A/Resources/libTIFF.dylib
0x0000000000102000 	/System/Library/Frameworks/ImageIO.framework/Versions/A/Resources/libPng.dylib
0x0000000000102000 	/System/Library/Frameworks/ImageIO.framework/Versions/A/Resources/libGIF.dylib
0x0000000000102000 	/System/Library/Frameworks/ImageIO.framework/Versions/A/Resources/libJP2.dylib
0x0000000000102000 	/System/Library/Frameworks/ImageIO.framework/Versions/A/Resources/libRadiance.dylib
0x0000000000102000 	/System/Library/Frameworks/CoreVideo.framework/Versions/A/CoreVideo
0x0000000000102000 	/System/Library/Frameworks/OpenGL.framework/Versions/A/Libraries/libGLU.dylib
0x0000000000102000 	/System/Library/Frameworks/OpenGL.framework/Versions/A/Libraries/libGFXShared.dylib
0x0000000000102000 	/System/Library/Frameworks/OpenGL.framework/Versions/A/Libraries/libGL.dylib
0x0000000000102000 	/System/Library/Frameworks/OpenGL.framework/Versions/A/Libraries/libGLImage.dylib
0x0000000000102000 	/System/Library/Frameworks/OpenGL.framework/Versions/A/Libraries/libCVMSPluginSupport.dylib
0x0000000000102000 	/System/Library/Frameworks/OpenGL.framework/Versions/A/Libraries/libCoreVMClient.dylib
0x0000000000102000 	/usr/lib/libcups.2.dylib
0x0000000000102000 	/System/Library/Frameworks/Kerberos.framework/Versions/A/Kerberos
0x0000000000102000 	/System/Library/Frameworks/GSS.framework/Versions/A/GSS
0x0000000000102000 	/usr/lib/libresolv.9.dylib
0x0000000000102000 	/usr/lib/libiconv.2.dylib
0x0000000000102000 	/System/Library/PrivateFrameworks/Heimdal.framework/Versions/A/Heimdal
0x0000000000102000 	/usr/lib/libheimdal-asn1.dylib
0x0000000000102000 	/System/Library/Frameworks/OpenDirectory.framework/Versions/A/OpenDirectory
0x0000000000102000 	/System/Library/PrivateFrameworks/CommonAuth.framework/Versions/A/CommonAuth
0x0000000000102000 	/System/Library/Frameworks/OpenDirectory.framework/Versions/A/Frameworks/CFOpenDirectory.framework/Versions/A/CFOpenDirectory
0x0000000000102000 	/System/Library/Frameworks/SecurityFoundation.framework/Versions/A/SecurityFoundation
0x0000000000102000 	/System/Library/PrivateFrameworks/LanguageModeling.framework/Versions/A/LanguageModeling
0x0000000000102000 	/usr/lib/libmarisa.dylib
0x0000000000102000 	/usr/lib/libChineseTokenizer.dylib
0x0000000000102000 	/usr/lib/libcmph.dylib
0x0000000000102000 	/usr/lib/libcompression.dylib
0x0000000000102000 	/System/Library/Frameworks/ServiceManagement.framework/Versions/A/ServiceManagement
0x0000000000102000 	/usr/lib/libxslt.1.dylib
0x0000000000102000 	/System/Library/Frameworks/Carbon.framework/Versions/A/Frameworks/Ink.framework/Versions/A/Ink
0x0000000000102000 	/usr/lib/libFosl_dynamic.dylib
0x0000000000102000 	/System/Library/PrivateFrameworks/FaceCore.framework/Versions/A/FaceCore
0x0000000000102000 	/System/Library/Frameworks/OpenCL.framework/Versions/A/OpenCL
0x0000000000102000 	/System/Library/PrivateFrameworks/CrashReporterSupport.framework/Versions/A/CrashReporterSupport
0x0000000000102000 	/System/Library/PrivateFrameworks/IconServices.framework/Versions/A/IconServices
0x0000000000102000 	/System/Library/PrivateFrameworks/Apple80211.framework/Versions/A/Apple80211
0x0000000000102000 	/System/Library/Frameworks/CoreWLAN.framework/Versions/A/CoreWLAN
0x0000000000102000 	/System/Library/Frameworks/IOBluetooth.framework/Versions/A/IOBluetooth
0x0000000000102000 	/System/Library/PrivateFrameworks/CoreWiFi.framework/Versions/A/CoreWiFi
0x0000000000102000 	/System/Library/Frameworks/CoreBluetooth.framework/Versions/A/CoreBluetooth
0x0000000000102000 	/System/Library/PrivateFrameworks/ChunkingLibrary.framework/Versions/A/ChunkingLibrary
0x0000000000102000 	/System/Library/PrivateFrameworks/DebugSymbols.framework/Versions/A/DebugSymbols
0x0000000000102000 	/System/Library/PrivateFrameworks/CoreSymbolication.framework/Versions/A/CoreSymbolication
0x0000000000102000 	/System/Library/PrivateFrameworks/Symbolication.framework/Versions/A/Symbolication
0x0000000000102000 	/System/Library/PrivateFrameworks/SpeechRecognitionCore.framework/Versions/A/SpeechRecognitionCore
0x0000000108600000 	/Library/Java/JavaVirtualMachines/jdk1.8.0_66.jdk/Contents/Home/jre/lib/server/libjvm.dylib
0x0000000000102000 	/usr/lib/libstdc++.6.dylib
0x0000000107cd2000 	/Library/Java/JavaVirtualMachines/jdk1.8.0_66.jdk/Contents/Home/jre/lib/libverify.dylib
0x0000000107ce0000 	/Library/Java/JavaVirtualMachines/jdk1.8.0_66.jdk/Contents/Home/jre/lib/libjava.dylib
0x0000000107d1f000 	/Library/Java/JavaVirtualMachines/jdk1.8.0_66.jdk/Contents/Home/jre/lib/libzip.dylib
0x000000011c897000 	/System/Library/Frameworks/JavaVM.framework/Frameworks/JavaRuntimeSupport.framework/JavaRuntimeSupport
0x0000000107de8000 	/System/Library/Frameworks/JavaVM.framework/Versions/A/Frameworks/JavaNativeFoundation.framework/Versions/A/JavaNativeFoundation
0x000000011c8b2000 	/System/Library/Frameworks/JavaVM.framework/Versions/A/JavaVM
0x0000000000102000 	/System/Library/Frameworks/Carbon.framework/Versions/A/Carbon
0x000000011c8bf000 	/System/Library/PrivateFrameworks/JavaLaunching.framework/Versions/A/JavaLaunching
0x0000000000102000 	/System/Library/Frameworks/Carbon.framework/Versions/A/Frameworks/CommonPanels.framework/Versions/A/CommonPanels
0x0000000000102000 	/System/Library/Frameworks/Carbon.framework/Versions/A/Frameworks/Help.framework/Versions/A/Help
0x0000000000102000 	/System/Library/Frameworks/Carbon.framework/Versions/A/Frameworks/ImageCapture.framework/Versions/A/ImageCapture
0x0000000000102000 	/System/Library/Frameworks/Carbon.framework/Versions/A/Frameworks/OpenScripting.framework/Versions/A/OpenScripting
0x0000000000102000 	/System/Library/Frameworks/Carbon.framework/Versions/A/Frameworks/Print.framework/Versions/A/Print
0x0000000000102000 	/System/Library/Frameworks/Carbon.framework/Versions/A/Frameworks/SecurityHI.framework/Versions/A/SecurityHI
0x000000011e1ef000 	/Library/Java/JavaVirtualMachines/jdk1.8.0_66.jdk/Contents/Home/jre/lib/libawt.dylib
0x000000011e297000 	/Library/Java/JavaVirtualMachines/jdk1.8.0_66.jdk/Contents/Home/jre/lib/./libmlib_image.dylib
0x000000011e363000 	/Library/Java/JavaVirtualMachines/jdk1.8.0_66.jdk/Contents/Home/jre/lib/libawt_lwawt.dylib
0x000000011e418000 	/Library/Java/JavaVirtualMachines/jdk1.8.0_66.jdk/Contents/Home/jre/lib/./libosxapp.dylib
0x0000000000102000 	/System/Library/Frameworks/ExceptionHandling.framework/Versions/A/ExceptionHandling
0x0000000000102000 	/System/Library/PrivateFrameworks/CoreServicesInternal.framework/Versions/A/CoreServicesInternal
0x0000000000102000 	/System/Library/Frameworks/CoreGraphics.framework/Versions/A/Resources/libRIP.A.dylib
0x0000000000102000 	/System/Library/Frameworks/Accelerate.framework/Versions/A/Frameworks/vImage.framework/Versions/A/Libraries/libCGInterfaces.dylib
0x0000000000102000 	/System/Library/Frameworks/CoreGraphics.framework/Versions/A/Resources/libCGXType.A.dylib
0x0000000000102000 	/System/Library/Frameworks/OpenCL.framework/Versions/A/Libraries/libcldcpuengine.dylib
0x0000000000102000 	/System/Library/PrivateFrameworks/DiskImages.framework/Versions/A/DiskImages
0x0000000000102000 	/System/Library/Frameworks/DiscRecording.framework/Versions/A/DiscRecording
0x0000000000102000 	/usr/lib/libcsfde.dylib
0x0000000000102000 	/usr/lib/libcurl.4.dylib
0x0000000000102000 	/System/Library/PrivateFrameworks/MediaKit.framework/Versions/A/MediaKit
0x0000000000102000 	/System/Library/PrivateFrameworks/ProtectedCloudStorage.framework/Versions/A/ProtectedCloudStorage
0x0000000000102000 	/usr/lib/libCoreStorage.dylib
0x0000000000102000 	/System/Library/PrivateFrameworks/EFILogin.framework/Versions/A/EFILogin
0x0000000000102000 	/usr/lib/libutil.dylib
0x0000000000102000 	/System/Library/PrivateFrameworks/FindMyDevice.framework/Versions/A/FindMyDevice
0x0000000000102000 	/System/Library/Frameworks/LDAP.framework/Versions/A/LDAP
0x0000000000102000 	/usr/lib/libsasl2.2.dylib
0x0000000000102000 	/System/Library/PrivateFrameworks/CoreDaemon.framework/Versions/B/CoreDaemon
0x0000000000102000 	/usr/lib/libcrypto.0.9.8.dylib
0x0000000000102000 	/System/Library/PrivateFrameworks/AppleSRP.framework/Versions/A/AppleSRP
0x0000000000102000 	/System/Library/PrivateFrameworks/TrustEvaluationAgent.framework/Versions/A/TrustEvaluationAgent
0x000000011fec9000 	cl_kernels
0x0000000000102000 	/System/Library/Frameworks/OpenCL.framework/Versions/A/Libraries/ImageFormats/unorm8_bgra.dylib
0x0000000000102000 	/System/Library/Frameworks/OpenCL.framework/Versions/A/Libraries/ImageFormats/unorm8_rgba.dylib
0x0000000000102000 	/System/Library/PrivateFrameworks/FamilyControls.framework/Versions/A/FamilyControls
0x0000000000102000 	/System/Library/PrivateFrameworks/CommerceKit.framework/Versions/A/Frameworks/CommerceCore.framework/Versions/A/CommerceCore
0x0000000000102000 	/System/Library/PrivateFrameworks/SystemAdministration.framework/Versions/A/SystemAdministration
0x0000000000102000 	/System/Library/PrivateFrameworks/AppContainer.framework/Versions/A/AppContainer
0x0000000000102000 	/System/Library/PrivateFrameworks/SecCodeWrapper.framework/Versions/A/SecCodeWrapper
0x0000000000102000 	/System/Library/Frameworks/DirectoryService.framework/Versions/A/DirectoryService
0x0000000000102000 	/System/Library/PrivateFrameworks/LoginUIKit.framework/Versions/A/Frameworks/LoginUICore.framework/Versions/A/LoginUICore
0x0000000000102000 	/usr/lib/libodfde.dylib
0x0000000120eff000 	/Library/Java/JavaVirtualMachines/jdk1.8.0_66.jdk/Contents/Home/jre/lib/libnet.dylib
0x0000000000102000 	/System/Library/Frameworks/OpenGL.framework/Versions/A/Resources/GLEngine.bundle/GLEngine
0x0000000000102000 	/System/Library/Frameworks/OpenGL.framework/Versions/A/Libraries/libGLProgrammability.dylib
0x0000000120f5e000 	/System/Library/Extensions/AppleIntelHD3000GraphicsGLDriver.bundle/Contents/MacOS/AppleIntelHD3000GraphicsGLDriver
0x0000000000102000 	/System/Library/PrivateFrameworks/GPUSupport.framework/Versions/A/Libraries/libGPUSupport.dylib
0x0000000000102000 	/System/Library/Frameworks/OpenGL.framework/Versions/A/Resources/GLRendererFloat.bundle/GLRendererFloat
0x00000001217bd000 	/Library/Java/JavaVirtualMachines/jdk1.8.0_66.jdk/Contents/Home/jre/lib/libfontmanager.dylib
0x0000000121a5b000 	/Library/Java/JavaVirtualMachines/jdk1.8.0_66.jdk/Contents/Home/jre/lib/libosxui.dylib
0x00000001215d0000 	/Library/Java/JavaVirtualMachines/jdk1.8.0_66.jdk/Contents/Home/jre/lib/libnio.dylib
0x0000000000102000 	/System/Library/Frameworks/ApplicationServices.framework/Versions/A/Frameworks/ATS.framework/Versions/A/Resources/libTrueTypeScaler.dylib
0x0000000196faa000 	/Library/Java/JavaVirtualMachines/jdk1.8.0_66.jdk/Contents/Home/jre/lib/libdcpr.dylib
0x0000000000102000 	/System/Library/PrivateFrameworks/Shortcut.framework/Versions/A/Shortcut
0x0000000000102000 	/System/Library/PrivateFrameworks/HelpData.framework/Versions/A/HelpData
0x0000000000102000 	/usr/lib/libtidy.A.dylib
0x0000000000102000 	/System/Library/PrivateFrameworks/FinderKit.framework/Versions/A/FinderKit
0x0000000000102000 	/System/Library/Frameworks/Quartz.framework/Versions/A/Frameworks/QuickLookUI.framework/Versions/A/QuickLookUI
0x0000000000102000 	/System/Library/Frameworks/Quartz.framework/Versions/A/Frameworks/ImageKit.framework/Versions/A/ImageKit
0x0000000000102000 	/System/Library/PrivateFrameworks/Bom.framework/Versions/A/Bom
0x0000000000102000 	/System/Library/Frameworks/QuickLook.framework/Versions/A/QuickLook
0x0000000000102000 	/System/Library/PrivateFrameworks/Suggestions.framework/Versions/A/Suggestions
0x0000000000102000 	/System/Library/PrivateFrameworks/AppleSystemInfo.framework/Versions/A/AppleSystemInfo
0x0000000000102000 	/System/Library/Frameworks/ImageCaptureCore.framework/Versions/A/ImageCaptureCore
0x0000000000102000 	/System/Library/PrivateFrameworks/SafariServices.framework/Versions/A/SafariServices
0x0000000000102000 	/usr/lib/libspindump.dylib
0x0000000000102000 	/System/Library/Frameworks/QTKit.framework/Versions/A/QTKit
0x0000000000102000 	/System/Library/Frameworks/AVFoundation.framework/Versions/A/AVFoundation
0x0000000000102000 	/System/Library/Frameworks/CoreMedia.framework/Versions/A/CoreMedia
0x0000000000102000 	/System/Library/Frameworks/MediaToolbox.framework/Versions/A/MediaToolbox
0x0000000000102000 	/System/Library/Frameworks/VideoToolbox.framework/Versions/A/VideoToolbox
0x0000000000102000 	/System/Library/PrivateFrameworks/CoreMediaAuthoring.framework/Versions/A/CoreMediaAuthoring
0x0000000000102000 	/System/Library/Frameworks/CoreMediaIO.framework/Versions/A/CoreMediaIO
0x0000000000102000 	/System/Library/Frameworks/AVFoundation.framework/Versions/A/Resources/libAVFAudio.dylib
0x0000000000102000 	/System/Library/PrivateFrameworks/CoreAVCHD.framework/Versions/A/CoreAVCHD
0x0000000000102000 	/System/Library/Frameworks/MediaAccessibility.framework/Versions/A/MediaAccessibility
0x0000000000102000 	/System/Library/PrivateFrameworks/Mangrove.framework/Versions/A/Mangrove
0x0000000000102000 	/System/Library/PrivateFrameworks/CoreAUC.framework/Versions/A/CoreAUC
0x0000000000102000 	/System/Library/PrivateFrameworks/AppleVA.framework/Versions/A/AppleVA
0x0000000000102000 	/System/Library/PrivateFrameworks/XPCService.framework/Versions/A/XPCService
0x0000000000102000 	/System/Library/PrivateFrameworks/AppSandbox.framework/Versions/A/AppSandbox
0x0000000000102000 	/usr/lib/libsandbox.1.dylib
0x0000000000102000 	/usr/lib/libMatch.1.dylib
0x0000000000102000 	/System/Library/PrivateFrameworks/DisplayServices.framework/Versions/A/DisplayServices
0x0000000000102000 	/System/Library/Frameworks/Quartz.framework/Versions/A/Frameworks/PDFKit.framework/Versions/A/PDFKit
0x0000000000102000 	/System/Library/Frameworks/Quartz.framework/Versions/A/Frameworks/QuartzComposer.framework/Versions/A/QuartzComposer
0x0000000000102000 	/System/Library/Frameworks/Quartz.framework/Versions/A/Frameworks/QuartzFilters.framework/Versions/A/QuartzFilters
0x0000000000102000 	/System/Library/PrivateFrameworks/CorePDF.framework/Versions/A/CorePDF
0x0000000000102000 	/System/Library/Frameworks/JavaScriptCore.framework/Versions/A/JavaScriptCore
0x0000000000102000 	/System/Library/PrivateFrameworks/AppleFSCompression.framework/Versions/A/AppleFSCompression
0x0000000000102000 	/System/Library/Frameworks/AddressBook.framework/Versions/A/AddressBook
0x0000000000102000 	/System/Library/PrivateFrameworks/ContactsPersistence.framework/Versions/A/ContactsPersistence
0x0000000000102000 	/System/Library/PrivateFrameworks/ContactsFoundation.framework/Versions/A/ContactsFoundation
0x0000000000102000 	/System/Library/PrivateFrameworks/vCard.framework/Versions/A/vCard
0x0000000000102000 	/System/Library/PrivateFrameworks/IntlPreferences.framework/Versions/A/IntlPreferences
0x0000000000102000 	/System/Library/PrivateFrameworks/ToneLibrary.framework/Versions/A/ToneLibrary
0x0000000000102000 	/System/Library/PrivateFrameworks/ToneKit.framework/Versions/A/ToneKit
0x0000000000102000 	/System/Library/PrivateFrameworks/ApplePushService.framework/Versions/A/ApplePushService
0x0000000000102000 	/System/Library/Frameworks/SecurityInterface.framework/Versions/A/SecurityInterface
0x0000000000102000 	/System/Library/PrivateFrameworks/PhoneNumbers.framework/Versions/A/PhoneNumbers
0x0000000000102000 	/System/Library/PrivateFrameworks/ViewBridge.framework/Versions/A/ViewBridge
0x0000000000102000 	/System/Library/Frameworks/Quartz.framework/Versions/A/Quartz
0x0000000000102000 	/System/Library/PrivateFrameworks/CloudDocs.framework/Versions/A/CloudDocs
0x0000000000102000 	/System/Library/PrivateFrameworks/CoreDuet.framework/Versions/A/CoreDuet
0x0000000000102000 	/System/Library/Frameworks/CloudKit.framework/Versions/A/CloudKit
0x0000000000102000 	/System/Library/PrivateFrameworks/ProtocolBuffer.framework/Versions/A/ProtocolBuffer
0x0000000000102000 	/System/Library/PrivateFrameworks/CoreDuetDaemonProtocol.framework/Versions/A/CoreDuetDaemonProtocol
0x0000000000102000 	/System/Library/PrivateFrameworks/CoreDuetDebugLogging.framework/Versions/A/CoreDuetDebugLogging
0x0000000000102000 	/System/Library/PrivateFrameworks/MMCS.framework/Versions/A/MMCS
0x0000000000102000 	/System/Library/Frameworks/CoreLocation.framework/Versions/A/CoreLocation
0x0000000000102000 	/System/Library/PrivateFrameworks/AssetCacheServices.framework/Versions/A/AssetCacheServices
0x0000000000102000 	/System/Library/PrivateFrameworks/GeoServices.framework/Versions/A/GeoServices
0x0000000000102000 	/System/Library/PrivateFrameworks/PlugInKit.framework/Versions/A/PlugInKit
0x0000000000102000 	/System/Library/PrivateFrameworks/iLifeMediaBrowser.framework/Versions/A/iLifeMediaBrowser
0x0000000000102000 	/System/Library/Frameworks/AVKit.framework/Versions/A/AVKit
0x0000000000102000 	/System/Library/CoreServices/RawCamera.bundle/Contents/MacOS/RawCamera
0x0000000000102000 	/System/Library/PrivateFrameworks/CacheDelete.framework/Versions/A/CacheDelete
0x0000000197dbd000 	/System/Library/Frameworks/Security.framework/PlugIns/csparser.bundle/Contents/MacOS/csparser

VM Arguments:
jvm_args: -Xmx1024m 
java_command: /Applications/ImageJ/ImageJ.app/Contents/Java/ij.jar -ijpath /Applications/ImageJ
java_class_path (initial): /Applications/ImageJ/ImageJ.app/Contents/Java/ij.jar
Launcher Type: SUN_STANDARD

Environment Variables:
PATH=/opt/local/bin:/opt/local/sbin:/usr/local/bin:/usr/bin:/bin:/usr/sbin:/sbin:/opt/X11/bin:/usr/local/MacGPG2/bin:/Library/TeX/texbin
SHELL=/bin/zsh
DISPLAY=/private/tmp/com.apple.launchd.9HMOjjedx4/org.macosforge.xquartz:0

Signal Handlers:
SIGSEGV: [libjvm.dylib+0x5a65d5], sa_mask[0]=11111111011111110111111111111111, sa_flags=SA_ONSTACK|SA_RESTART|SA_SIGINFO
SIGBUS: [libjvm.dylib+0x5a65d5], sa_mask[0]=11111111011111110111111111111111, sa_flags=SA_RESTART|SA_SIGINFO
SIGFPE: [libjvm.dylib+0x4802e8], sa_mask[0]=11111111011111110111111111111111, sa_flags=SA_RESTART|SA_SIGINFO
SIGPIPE: [libjvm.dylib+0x4802e8], sa_mask[0]=11111111011111110111111111111111, sa_flags=SA_RESTART|SA_SIGINFO
SIGXFSZ: [libjvm.dylib+0x4802e8], sa_mask[0]=11111111011111110111111111111111, sa_flags=SA_RESTART|SA_SIGINFO
SIGILL: [libjvm.dylib+0x4802e8], sa_mask[0]=11111111011111110111111111111111, sa_flags=SA_RESTART|SA_SIGINFO
SIGUSR1: SIG_DFL, sa_mask[0]=00000000000000000000000000000000, sa_flags=SA_RESTART
SIGUSR2: [libjvm.dylib+0x47fe06], sa_mask[0]=00000000000000000000000000000000, sa_flags=SA_RESTART|SA_SIGINFO
SIGHUP: [libjvm.dylib+0x47e3dd], sa_mask[0]=11111111011111110111111111111111, sa_flags=SA_RESTART|SA_SIGINFO
SIGINT: [libjvm.dylib+0x47e3dd], sa_mask[0]=11111111011111110111111111111111, sa_flags=SA_RESTART|SA_SIGINFO
SIGTERM: [libjvm.dylib+0x47e3dd], sa_mask[0]=11111111011111110111111111111111, sa_flags=SA_RESTART|SA_SIGINFO
SIGQUIT: [libjvm.dylib+0x47e3dd], sa_mask[0]=11111111011111110111111111111111, sa_flags=SA_RESTART|SA_SIGINFO


---------------  S Y S T E M  ---------------

OS:Bsduname:Darwin 15.3.0 Darwin Kernel Version 15.3.0: Thu Dec 10 18:40:58 PST 2015; root:xnu-3248.30.4~1/RELEASE_X86_64 x86_64
rlimit: STACK 8192k, CORE 0k, NPROC 709, NOFILE 10240, AS infinity
load average:1,61 2,08 4,32

CPU:total 4 (2 cores per cpu, 2 threads per core) family 6 model 42 stepping 7, cmov, cx8, fxsr, mmx, sse, sse2, sse3, ssse3, sse4.1, sse4.2, popcnt, avx, aes, clmul, ht, tsc, tscinvbit

Memory: 4k page, physical 8388608k(495416k free)

/proc/meminfo:


vm_info: Java HotSpot(TM) 64-Bit Server VM (25.66-b17) for bsd-amd64 JRE (1.8.0_66-b17), built on Oct  6 2015 16:09:13 by "java_re" with gcc 4.2.1 (Based on Apple Inc. build 5658) (LLVM build 2336.11.00)

time: Fri Jun 10 21:22:42 2016
elapsed time: 136091 seconds (1d 13h 48m 11s)

